<?xml version="1.0" encoding="UTF-8"?>
<testng-results ignored="0" total="1" passed="1" failed="0" skipped="0">
  <reporter-output>
  </reporter-output>
  <suite started-at="2022-06-30T12:23:22 IST" name="Suite" finished-at="2022-06-30T12:23:39 IST" duration-ms="17748">
    <groups>
    </groups>
    <test started-at="2022-06-30T12:23:22 IST" name="Test" finished-at="2022-06-30T12:23:39 IST" duration-ms="17748">
      <class name="TestScript.TC01VerifyCRMLogin">
        <test-method signature="VerifyCRMLogin()[pri:0, instance:TestScript.TC01VerifyCRMLogin@46292372]" started-at="2022-06-30T12:23:22 IST" name="VerifyCRMLogin" finished-at="2022-06-30T12:23:37 IST" duration-ms="15308" status="PASS">
          <reporter-output>
          </reporter-output>
        </test-method> <!-- VerifyCRMLogin -->
      </class> <!-- TestScript.TC01VerifyCRMLogin -->
    </test> <!-- Test -->
  </suite> <!-- Suite -->
</testng-results>
