<?xml version="1.0" encoding="UTF-8"?>
<testng-results ignored="0" total="1" passed="1" failed="0" skipped="0">
  <reporter-output>
  </reporter-output>
  <suite started-at="2022-06-30T15:53:38 IST" name="Suite" finished-at="2022-06-30T15:54:09 IST" duration-ms="30800">
    <groups>
    </groups>
    <test started-at="2022-06-30T15:53:38 IST" name="Test To Verify CRM Login" finished-at="2022-06-30T15:54:09 IST" duration-ms="30800">
      <class name="TestScript.TC01VerifyCRMLogin">
        <test-method signature="VerifyCRMLogin()[pri:0, instance:TestScript.TC01VerifyCRMLogin@6c44052e]" started-at="2022-06-30T15:53:38 IST" name="VerifyCRMLogin" finished-at="2022-06-30T15:54:06 IST" duration-ms="27785" status="PASS">
          <reporter-output>
          </reporter-output>
        </test-method> <!-- VerifyCRMLogin -->
      </class> <!-- TestScript.TC01VerifyCRMLogin -->
    </test> <!-- Test To Verify CRM Login -->
  </suite> <!-- Suite -->
</testng-results>
